{
  "stats": {
    "suites": 15,
    "tests": 17,
    "passes": 14,
    "pending": 3,
    "failures": 0,
    "start": "2026-08-20T15:44:48.919Z",
    "end": "2026-08-20T15:45:14.443Z",
    "duration": 25524,
    "testsRegistered": 17,
    "passPercent": 100,
    "pendingPercent": 17.647058823529413,
    "other": 0,
    "hasOther": false,
    "skipped": 0,
    "hasSkipped": false
  },
  "results": [
    {
      "uuid": "96e71040-e40d-4dc8-bb10-b542f01050ec",
      "title": "",
      "fullFile": "D:\\Course Learn\\Digital Skola\\QA\\sesi8\\tests\\belajar-bareng\\index.test.js",
      "file": "\\tests\\belajar-bareng\\index.test.js",
      "beforeHooks": [],
      "afterHooks": [],
      "tests": [],
      "suites": [
        {
          "uuid": "53386499-5f0a-4ee1-a866-7b6ab86335b8",
          "title": "Belajar Bareng Automation",
          "fullFile": "D:\\Course Learn\\Digital Skola\\QA\\sesi8\\tests\\belajar-bareng\\index.test.js",
          "file": "\\tests\\belajar-bareng\\index.test.js",
          "beforeHooks": [
            {
              "title": "\"before all\" hook in \"Belajar Bareng Automation\"",
              "fullTitle": "Belajar Bareng Automation \"before all\" hook in \"Belajar Bareng Automation\"",
              "timedOut": false,
              "duration": 1517,
              "state": null,
              "speed": null,
              "pass": false,
              "fail": false,
              "pending": false,
              "context": null,
              "code": "// 2. fill testContext\ntestContext.title = \"User Management\";\ntestContext.baseUrl = \"https://belajar-bareng.onrender.com\";\ntestContext.driver = await new Builder().forBrowser(\"chrome\").build();\ntestContext.belajarBareng = new BelajarBareng(testContext.driver, \"belajar-bareng\");",
              "err": {},
              "uuid": "91aa15bd-2f15-4eb0-859f-0dc3de3f66ef",
              "parentUUID": "53386499-5f0a-4ee1-a866-7b6ab86335b8",
              "isHook": true,
              "skipped": false
            }
          ],
          "afterHooks": [
            {
              "title": "\"after all\" hook in \"Belajar Bareng Automation\"",
              "fullTitle": "Belajar Bareng Automation \"after all\" hook in \"Belajar Bareng Automation\"",
              "timedOut": false,
              "duration": 0,
              "state": null,
              "speed": null,
              "pass": false,
              "fail": false,
              "pending": false,
              "context": null,
              "code": "if (testContext.belajarBareng && testContext.belajarBareng.driver) {\n    setTimeout(async () => {\n        await testContext.belajarBareng.driver.quit();\n    }, 5000);\n}",
              "err": {},
              "uuid": "b6731327-2760-46fa-a8de-459a34bc9877",
              "parentUUID": "53386499-5f0a-4ee1-a866-7b6ab86335b8",
              "isHook": true,
              "skipped": false
            }
          ],
          "tests": [],
          "suites": [
            {
              "uuid": "2a429be3-5178-4cd1-9f73-2a440534d10d",
              "title": "Login Page Functionality",
              "fullFile": "D:\\Course Learn\\Digital Skola\\QA\\sesi8\\tests\\belajar-bareng\\index.test.js",
              "file": "\\tests\\belajar-bareng\\index.test.js",
              "beforeHooks": [
                {
                  "title": "\"before all\" hook in \"Login Page Functionality\"",
                  "fullTitle": "Belajar Bareng Automation Login Page Functionality \"before all\" hook in \"Login Page Functionality\"",
                  "timedOut": false,
                  "duration": 1,
                  "state": null,
                  "speed": null,
                  "pass": false,
                  "fail": false,
                  "pending": false,
                  "context": null,
                  "code": "this.#data = {\n    emptyData: {},\n    validData: {\n        username: \"admin\",\n        password: \"admin\",\n    },\n}\nthis.loginUrl = `${this.testContext.baseUrl}`;\nthis.loginPage = this.testContext.belajarBareng.loginPage;",
                  "err": {},
                  "uuid": "4aba5e90-68ab-4565-aa0b-7cfd27bba60b",
                  "parentUUID": "2a429be3-5178-4cd1-9f73-2a440534d10d",
                  "isHook": true,
                  "skipped": false
                }
              ],
              "afterHooks": [],
              "tests": [],
              "suites": [
                {
                  "uuid": "116e197d-ebca-4a17-bcd6-711a8752decf",
                  "title": "Verify that the login page loads successfully with correct title, URL, and visible login form",
                  "fullFile": "D:\\Course Learn\\Digital Skola\\QA\\sesi8\\tests\\belajar-bareng\\index.test.js",
                  "file": "\\tests\\belajar-bareng\\index.test.js",
                  "beforeHooks": [],
                  "afterHooks": [],
                  "tests": [
                    {
                      "title": "Should open the base URL successfully",
                      "fullTitle": "Belajar Bareng Automation Login Page Functionality Verify that the login page loads successfully with correct title, URL, and visible login form Should open the base URL successfully",
                      "timedOut": false,
                      "duration": 0,
                      "state": "pending",
                      "speed": null,
                      "pass": false,
                      "fail": false,
                      "pending": true,
                      "context": null,
                      "code": "",
                      "err": {},
                      "uuid": "c893fb88-7af4-4b3d-afc2-ceeaf4ea0fc1",
                      "parentUUID": "116e197d-ebca-4a17-bcd6-711a8752decf",
                      "isHook": false,
                      "skipped": false
                    }
                  ],
                  "suites": [],
                  "passes": [],
                  "failures": [],
                  "pending": [
                    "c893fb88-7af4-4b3d-afc2-ceeaf4ea0fc1"
                  ],
                  "skipped": [],
                  "duration": 0,
                  "root": false,
                  "rootEmpty": false,
                  "_timeout": 10000
                },
                {
                  "uuid": "0258d98d-abf4-4b67-8dfd-531b5018df11",
                  "title": "Should fail to login with empty credentials",
                  "fullFile": "D:\\Course Learn\\Digital Skola\\QA\\sesi8\\tests\\belajar-bareng\\index.test.js",
                  "file": "\\tests\\belajar-bareng\\index.test.js",
                  "beforeHooks": [],
                  "afterHooks": [],
                  "tests": [
                    {
                      "title": "Should open the base URL successfully",
                      "fullTitle": "Belajar Bareng Automation Login Page Functionality Should fail to login with empty credentials Should open the base URL successfully",
                      "timedOut": false,
                      "duration": 2349,
                      "state": "passed",
                      "speed": "slow",
                      "pass": true,
                      "fail": false,
                      "pending": false,
                      "context": null,
                      "code": "await this.testContext.belajarBareng.loginPage.open(\n    `${this.loginUrl}/`,\n    `${this.testContext.title}`\n);",
                      "err": {},
                      "uuid": "c1420dea-6f64-415a-83b1-ab88c6848998",
                      "parentUUID": "0258d98d-abf4-4b67-8dfd-531b5018df11",
                      "isHook": false,
                      "skipped": false
                    },
                    {
                      "title": "Should fail to login with empty credentials",
                      "fullTitle": "Belajar Bareng Automation Login Page Functionality Should fail to login with empty credentials Should fail to login with empty credentials",
                      "timedOut": false,
                      "duration": 1279,
                      "state": "passed",
                      "speed": "slow",
                      "pass": true,
                      "fail": false,
                      "pending": false,
                      "context": null,
                      "code": "await this.loginPage.loginForm(\n    this.#data.emptyData,\n    \"empty\"\n);",
                      "err": {},
                      "uuid": "18a8ad62-55a7-4bda-bd56-7bf2d0c08a9f",
                      "parentUUID": "0258d98d-abf4-4b67-8dfd-531b5018df11",
                      "isHook": false,
                      "skipped": false
                    }
                  ],
                  "suites": [],
                  "passes": [
                    "c1420dea-6f64-415a-83b1-ab88c6848998",
                    "18a8ad62-55a7-4bda-bd56-7bf2d0c08a9f"
                  ],
                  "failures": [],
                  "pending": [],
                  "skipped": [],
                  "duration": 3628,
                  "root": false,
                  "rootEmpty": false,
                  "_timeout": 10000
                },
                {
                  "uuid": "a3c521ce-dc8d-4d39-9386-986a680ebbf6",
                  "title": "Should fail to login with missing credentials",
                  "fullFile": "D:\\Course Learn\\Digital Skola\\QA\\sesi8\\tests\\belajar-bareng\\index.test.js",
                  "file": "\\tests\\belajar-bareng\\index.test.js",
                  "beforeHooks": [],
                  "afterHooks": [],
                  "tests": [
                    {
                      "title": "Should fail to login with missing credentials",
                      "fullTitle": "Belajar Bareng Automation Login Page Functionality Should fail to login with missing credentials Should fail to login with missing credentials",
                      "timedOut": false,
                      "duration": 1279,
                      "state": "passed",
                      "speed": "slow",
                      "pass": true,
                      "fail": false,
                      "pending": false,
                      "context": null,
                      "code": "await this.loginPage.loginForm(\n    this.#data.emptyData,\n    \"missing\"\n);",
                      "err": {},
                      "uuid": "863a59c1-04bd-4bd1-8a8f-e3696257eb00",
                      "parentUUID": "a3c521ce-dc8d-4d39-9386-986a680ebbf6",
                      "isHook": false,
                      "skipped": false
                    }
                  ],
                  "suites": [],
                  "passes": [
                    "863a59c1-04bd-4bd1-8a8f-e3696257eb00"
                  ],
                  "failures": [],
                  "pending": [],
                  "skipped": [],
                  "duration": 1279,
                  "root": false,
                  "rootEmpty": false,
                  "_timeout": 10000
                },
                {
                  "uuid": "13b89aa4-3ed8-4f69-865f-123ef88b96f2",
                  "title": "Should fail to login with invalid credentials",
                  "fullFile": "D:\\Course Learn\\Digital Skola\\QA\\sesi8\\tests\\belajar-bareng\\index.test.js",
                  "file": "\\tests\\belajar-bareng\\index.test.js",
                  "beforeHooks": [],
                  "afterHooks": [],
                  "tests": [
                    {
                      "title": "Should fail to login with invalid credentials",
                      "fullTitle": "Belajar Bareng Automation Login Page Functionality Should fail to login with invalid credentials Should fail to login with invalid credentials",
                      "timedOut": false,
                      "duration": 5588,
                      "state": "passed",
                      "speed": "slow",
                      "pass": true,
                      "fail": false,
                      "pending": false,
                      "context": null,
                      "code": "await this.loginPage.loginForm(\n    this.#data.emptyData,\n    \"invalid\"\n);",
                      "err": {},
                      "uuid": "e8936579-572f-4add-90db-5c157f7e9090",
                      "parentUUID": "13b89aa4-3ed8-4f69-865f-123ef88b96f2",
                      "isHook": false,
                      "skipped": false
                    }
                  ],
                  "suites": [],
                  "passes": [
                    "e8936579-572f-4add-90db-5c157f7e9090"
                  ],
                  "failures": [],
                  "pending": [],
                  "skipped": [],
                  "duration": 5588,
                  "root": false,
                  "rootEmpty": false,
                  "_timeout": 10000
                },
                {
                  "uuid": "5d96988f-26e0-47a4-82c5-e510c1301cc1",
                  "title": "Should successfully login with valid credentials",
                  "fullFile": "D:\\Course Learn\\Digital Skola\\QA\\sesi8\\tests\\belajar-bareng\\index.test.js",
                  "file": "\\tests\\belajar-bareng\\index.test.js",
                  "beforeHooks": [],
                  "afterHooks": [],
                  "tests": [
                    {
                      "title": "Should login successfully",
                      "fullTitle": "Belajar Bareng Automation Login Page Functionality Should successfully login with valid credentials Should login successfully",
                      "timedOut": false,
                      "duration": 243,
                      "state": "passed",
                      "speed": "slow",
                      "pass": true,
                      "fail": false,
                      "pending": false,
                      "context": null,
                      "code": "await this.loginPage.loginForm(\n    this.#data.validData,\n    \"valid\"\n);",
                      "err": {},
                      "uuid": "1b2eb325-ddfe-4db7-ab55-7354830a902e",
                      "parentUUID": "5d96988f-26e0-47a4-82c5-e510c1301cc1",
                      "isHook": false,
                      "skipped": false
                    }
                  ],
                  "suites": [],
                  "passes": [
                    "1b2eb325-ddfe-4db7-ab55-7354830a902e"
                  ],
                  "failures": [],
                  "pending": [],
                  "skipped": [],
                  "duration": 243,
                  "root": false,
                  "rootEmpty": false,
                  "_timeout": 10000
                },
                {
                  "uuid": "4ca47058-bacd-4a96-aab6-0ca2d606e74d",
                  "title": "Should navigate to the users page after successful login",
                  "fullFile": "D:\\Course Learn\\Digital Skola\\QA\\sesi8\\tests\\belajar-bareng\\index.test.js",
                  "file": "\\tests\\belajar-bareng\\index.test.js",
                  "beforeHooks": [],
                  "afterHooks": [],
                  "tests": [
                    {
                      "title": "Should navigate to the users page after successful login",
                      "fullTitle": "Belajar Bareng Automation Login Page Functionality Should navigate to the users page after successful login Should navigate to the users page after successful login",
                      "timedOut": false,
                      "duration": 1048,
                      "state": "passed",
                      "speed": "slow",
                      "pass": true,
                      "fail": false,
                      "pending": false,
                      "context": null,
                      "code": "await this.loginPage.goToUsersPage();",
                      "err": {},
                      "uuid": "79fc9257-2bc7-48d0-b3f3-f15c5a2bca7f",
                      "parentUUID": "4ca47058-bacd-4a96-aab6-0ca2d606e74d",
                      "isHook": false,
                      "skipped": false
                    }
                  ],
                  "suites": [],
                  "passes": [
                    "79fc9257-2bc7-48d0-b3f3-f15c5a2bca7f"
                  ],
                  "failures": [],
                  "pending": [],
                  "skipped": [],
                  "duration": 1048,
                  "root": false,
                  "rootEmpty": false,
                  "_timeout": 10000
                }
              ],
              "passes": [],
              "failures": [],
              "pending": [],
              "skipped": [],
              "duration": 0,
              "root": false,
              "rootEmpty": false,
              "_timeout": 10000
            },
            {
              "uuid": "88ddffd4-6f6c-4782-ae25-f14d1303cd30",
              "title": "Add Users Page Functionality",
              "fullFile": "D:\\Course Learn\\Digital Skola\\QA\\sesi8\\tests\\belajar-bareng\\index.test.js",
              "file": "\\tests\\belajar-bareng\\index.test.js",
              "beforeHooks": [
                {
                  "title": "\"before all\" hook in \"Add Users Page Functionality\"",
                  "fullTitle": "Belajar Bareng Automation Add Users Page Functionality \"before all\" hook in \"Add Users Page Functionality\"",
                  "timedOut": false,
                  "duration": 0,
                  "state": null,
                  "speed": null,
                  "pass": false,
                  "fail": false,
                  "pending": false,
                  "context": null,
                  "code": "this.#data = {\n    emptyData: {},\n    newUser: {\n        username: \"QuizLovers\",\n        age: 300,\n    },\n};\nthis.addUsersPage = this.testContext.belajarBareng.addUsers;",
                  "err": {},
                  "uuid": "dd25aa19-211e-4d1b-9fdc-53ac63254aae",
                  "parentUUID": "88ddffd4-6f6c-4782-ae25-f14d1303cd30",
                  "isHook": true,
                  "skipped": false
                }
              ],
              "afterHooks": [],
              "tests": [],
              "suites": [
                {
                  "uuid": "45f666e9-f78f-467d-bc7b-6f4a81542896",
                  "title": "Should block add user form submission when username or age is empty",
                  "fullFile": "D:\\Course Learn\\Digital Skola\\QA\\sesi8\\tests\\belajar-bareng\\index.test.js",
                  "file": "\\tests\\belajar-bareng\\index.test.js",
                  "beforeHooks": [],
                  "afterHooks": [],
                  "tests": [
                    {
                      "title": "Should go to the users page",
                      "fullTitle": "Belajar Bareng Automation Add Users Page Functionality Should block add user form submission when username or age is empty Should go to the users page",
                      "timedOut": false,
                      "duration": 340,
                      "state": "passed",
                      "speed": "slow",
                      "pass": true,
                      "fail": false,
                      "pending": false,
                      "context": null,
                      "code": "await this.addUsersPage.goToAddUserPage();",
                      "err": {},
                      "uuid": "ab5a7c40-ec4e-44ff-b6ec-c0cb168026ff",
                      "parentUUID": "45f666e9-f78f-467d-bc7b-6f4a81542896",
                      "isHook": false,
                      "skipped": false
                    },
                    {
                      "title": "Should block add user form submission when username is empty",
                      "fullTitle": "Belajar Bareng Automation Add Users Page Functionality Should block add user form submission when username or age is empty Should block add user form submission when username is empty",
                      "timedOut": false,
                      "duration": 1255,
                      "state": "passed",
                      "speed": "slow",
                      "pass": true,
                      "fail": false,
                      "pending": false,
                      "context": null,
                      "code": "await this.addUsersPage.addUserForm(\n    this.#data.emptyData,\n    \"empty\"\n);",
                      "err": {},
                      "uuid": "254e3cb2-03e5-4204-97c5-ea2d1512dc21",
                      "parentUUID": "45f666e9-f78f-467d-bc7b-6f4a81542896",
                      "isHook": false,
                      "skipped": false
                    }
                  ],
                  "suites": [],
                  "passes": [
                    "ab5a7c40-ec4e-44ff-b6ec-c0cb168026ff",
                    "254e3cb2-03e5-4204-97c5-ea2d1512dc21"
                  ],
                  "failures": [],
                  "pending": [],
                  "skipped": [],
                  "duration": 1595,
                  "root": false,
                  "rootEmpty": false,
                  "_timeout": 10000
                },
                {
                  "uuid": "aa8ed231-69b2-4bc1-83ff-0a47114620b9",
                  "title": "Should block add user form submission when username or age is missing",
                  "fullFile": "D:\\Course Learn\\Digital Skola\\QA\\sesi8\\tests\\belajar-bareng\\index.test.js",
                  "file": "\\tests\\belajar-bareng\\index.test.js",
                  "beforeHooks": [],
                  "afterHooks": [],
                  "tests": [
                    {
                      "title": "Should block add user form submission when username or age is missing",
                      "fullTitle": "Belajar Bareng Automation Add Users Page Functionality Should block add user form submission when username or age is missing Should block add user form submission when username or age is missing",
                      "timedOut": false,
                      "duration": 1245,
                      "state": "passed",
                      "speed": "slow",
                      "pass": true,
                      "fail": false,
                      "pending": false,
                      "context": null,
                      "code": "this.#data.emptyData = {\n    username: \"QuizLovers\",\n}\nawait this.addUsersPage.addUserForm(this.#data.emptyData, \"missing\");",
                      "err": {},
                      "uuid": "bffaf5b7-1520-4795-b85c-e5a8dcfc9fac",
                      "parentUUID": "aa8ed231-69b2-4bc1-83ff-0a47114620b9",
                      "isHook": false,
                      "skipped": false
                    }
                  ],
                  "suites": [],
                  "passes": [
                    "bffaf5b7-1520-4795-b85c-e5a8dcfc9fac"
                  ],
                  "failures": [],
                  "pending": [],
                  "skipped": [],
                  "duration": 1245,
                  "root": false,
                  "rootEmpty": false,
                  "_timeout": 10000
                },
                {
                  "uuid": "06410519-97ec-40d3-bd31-90d6eff0b235",
                  "title": "Should block add user form submission when username or age is invalid",
                  "fullFile": "D:\\Course Learn\\Digital Skola\\QA\\sesi8\\tests\\belajar-bareng\\index.test.js",
                  "file": "\\tests\\belajar-bareng\\index.test.js",
                  "beforeHooks": [],
                  "afterHooks": [],
                  "tests": [
                    {
                      "title": "Should block add user form submission when username or age is invalid",
                      "fullTitle": "Belajar Bareng Automation Add Users Page Functionality Should block add user form submission when username or age is invalid Should block add user form submission when username or age is invalid",
                      "timedOut": false,
                      "duration": 1333,
                      "state": "passed",
                      "speed": "slow",
                      "pass": true,
                      "fail": false,
                      "pending": false,
                      "context": null,
                      "code": "this.#data.emptyData = {\n    username: 123,\n    age: \"300\",\n};\nawait this.addUsersPage.addUserForm(this.#data.emptyData, \"invalid\");",
                      "err": {},
                      "uuid": "eeb31bd9-d63e-41dc-ab85-73e3c296c688",
                      "parentUUID": "06410519-97ec-40d3-bd31-90d6eff0b235",
                      "isHook": false,
                      "skipped": false
                    },
                    {
                      "title": "Characters in the username input should not longer be than 10 characters",
                      "fullTitle": "Belajar Bareng Automation Add Users Page Functionality Should block add user form submission when username or age is invalid Characters in the username input should not longer be than 10 characters",
                      "timedOut": false,
                      "duration": 191,
                      "state": "passed",
                      "speed": "slow",
                      "pass": true,
                      "fail": false,
                      "pending": false,
                      "context": null,
                      "code": "this.#data.emptyData = {\n    username: \"axaxaxaxaxaxa\",\n    age: \"300\",\n};\nawait this.addUsersPage.addUserForm(this.#data.emptyData, \"invalid\");",
                      "err": {},
                      "uuid": "2f710bab-66cf-4e73-a975-0a535fa3d1ff",
                      "parentUUID": "06410519-97ec-40d3-bd31-90d6eff0b235",
                      "isHook": false,
                      "skipped": false
                    }
                  ],
                  "suites": [],
                  "passes": [
                    "eeb31bd9-d63e-41dc-ab85-73e3c296c688",
                    "2f710bab-66cf-4e73-a975-0a535fa3d1ff"
                  ],
                  "failures": [],
                  "pending": [],
                  "skipped": [],
                  "duration": 1524,
                  "root": false,
                  "rootEmpty": false,
                  "_timeout": 10000
                },
                {
                  "uuid": "3001ec39-5ed1-4dba-bf5e-3d3b18ab8854",
                  "title": "User should be able to add a new user",
                  "fullFile": "D:\\Course Learn\\Digital Skola\\QA\\sesi8\\tests\\belajar-bareng\\index.test.js",
                  "file": "\\tests\\belajar-bareng\\index.test.js",
                  "beforeHooks": [],
                  "afterHooks": [],
                  "tests": [
                    {
                      "title": "Should block add user when the age fill 0",
                      "fullTitle": "Belajar Bareng Automation Add Users Page Functionality User should be able to add a new user Should block add user when the age fill 0",
                      "timedOut": false,
                      "duration": 0,
                      "state": "pending",
                      "speed": null,
                      "pass": false,
                      "fail": false,
                      "pending": true,
                      "context": null,
                      "code": "",
                      "err": {},
                      "uuid": "88db4f7b-fca1-45e8-a53c-9a8af7acf07d",
                      "parentUUID": "3001ec39-5ed1-4dba-bf5e-3d3b18ab8854",
                      "isHook": false,
                      "skipped": false
                    },
                    {
                      "title": "Should add a new user successfully",
                      "fullTitle": "Belajar Bareng Automation Add Users Page Functionality User should be able to add a new user Should add a new user successfully",
                      "timedOut": false,
                      "duration": 5577,
                      "state": "passed",
                      "speed": "slow",
                      "pass": true,
                      "fail": false,
                      "pending": false,
                      "context": null,
                      "code": "await this.addUsersPage.addUserForm(this.#data.newUser, \"add\");",
                      "err": {},
                      "uuid": "7f0c6f20-e8fe-458c-b0d9-ce606a0b398f",
                      "parentUUID": "3001ec39-5ed1-4dba-bf5e-3d3b18ab8854",
                      "isHook": false,
                      "skipped": false
                    },
                    {
                      "title": "Should block add user when the username already exists",
                      "fullTitle": "Belajar Bareng Automation Add Users Page Functionality User should be able to add a new user Should block add user when the username already exists",
                      "timedOut": false,
                      "duration": 0,
                      "state": "pending",
                      "speed": null,
                      "pass": false,
                      "fail": false,
                      "pending": true,
                      "context": null,
                      "code": "",
                      "err": {},
                      "uuid": "d70a71cf-5946-4cfe-a8aa-5800144a6bbf",
                      "parentUUID": "3001ec39-5ed1-4dba-bf5e-3d3b18ab8854",
                      "isHook": false,
                      "skipped": false
                    },
                    {
                      "title": "Should go to the shop page",
                      "fullTitle": "Belajar Bareng Automation Add Users Page Functionality User should be able to add a new user Should go to the shop page",
                      "timedOut": false,
                      "duration": 90,
                      "state": "passed",
                      "speed": "slow",
                      "pass": true,
                      "fail": false,
                      "pending": false,
                      "context": null,
                      "code": "await this.addUsersPage.goToShopPage();",
                      "err": {},
                      "uuid": "a3112003-e135-4f49-8341-c683781c7ac6",
                      "parentUUID": "3001ec39-5ed1-4dba-bf5e-3d3b18ab8854",
                      "isHook": false,
                      "skipped": false
                    }
                  ],
                  "suites": [],
                  "passes": [
                    "7f0c6f20-e8fe-458c-b0d9-ce606a0b398f",
                    "a3112003-e135-4f49-8341-c683781c7ac6"
                  ],
                  "failures": [],
                  "pending": [
                    "88db4f7b-fca1-45e8-a53c-9a8af7acf07d",
                    "d70a71cf-5946-4cfe-a8aa-5800144a6bbf"
                  ],
                  "skipped": [],
                  "duration": 5667,
                  "root": false,
                  "rootEmpty": false,
                  "_timeout": 10000
                }
              ],
              "passes": [],
              "failures": [],
              "pending": [],
              "skipped": [],
              "duration": 0,
              "root": false,
              "rootEmpty": false,
              "_timeout": 10000
            },
            {
              "uuid": "a36f5f08-8232-4540-a72c-0bfedcf11cd9",
              "title": "Checkout Page Functionality",
              "fullFile": "D:\\Course Learn\\Digital Skola\\QA\\sesi8\\tests\\belajar-bareng\\index.test.js",
              "file": "\\tests\\belajar-bareng\\index.test.js",
              "beforeHooks": [
                {
                  "title": "\"before all\" hook in \"Checkout Page Functionality\"",
                  "fullTitle": "Belajar Bareng Automation Checkout Page Functionality \"before all\" hook in \"Checkout Page Functionality\"",
                  "timedOut": false,
                  "duration": 0,
                  "state": null,
                  "speed": null,
                  "pass": false,
                  "fail": false,
                  "pending": false,
                  "context": null,
                  "code": "this.userCheckout = this.testContext.belajarBareng.checkout;",
                  "err": {},
                  "uuid": "f6589cf6-ae2e-4c45-a28e-da0dc446439f",
                  "parentUUID": "a36f5f08-8232-4540-a72c-0bfedcf11cd9",
                  "isHook": true,
                  "skipped": false
                }
              ],
              "afterHooks": [],
              "tests": [],
              "suites": [
                {
                  "uuid": "44b6484c-2c31-4a4f-975d-d72242eab0bd",
                  "title": "User should be able to complete checkout",
                  "fullFile": "D:\\Course Learn\\Digital Skola\\QA\\sesi8\\tests\\belajar-bareng\\index.test.js",
                  "file": "\\tests\\belajar-bareng\\index.test.js",
                  "beforeHooks": [],
                  "afterHooks": [],
                  "tests": [
                    {
                      "title": "User should be able to checkout",
                      "fullTitle": "Belajar Bareng Automation Checkout Page Functionality User should be able to complete checkout User should be able to checkout",
                      "timedOut": false,
                      "duration": 2171,
                      "state": "passed",
                      "speed": "slow",
                      "pass": true,
                      "fail": false,
                      "pending": false,
                      "context": null,
                      "code": "await this.userCheckout.checkout();",
                      "err": {},
                      "uuid": "901ef1da-638a-4525-8b9f-ca2c794228c5",
                      "parentUUID": "44b6484c-2c31-4a4f-975d-d72242eab0bd",
                      "isHook": false,
                      "skipped": false
                    }
                  ],
                  "suites": [],
                  "passes": [
                    "901ef1da-638a-4525-8b9f-ca2c794228c5"
                  ],
                  "failures": [],
                  "pending": [],
                  "skipped": [],
                  "duration": 2171,
                  "root": false,
                  "rootEmpty": false,
                  "_timeout": 10000
                }
              ],
              "passes": [],
              "failures": [],
              "pending": [],
              "skipped": [],
              "duration": 0,
              "root": false,
              "rootEmpty": false,
              "_timeout": 10000
            }
          ],
          "passes": [],
          "failures": [],
          "pending": [],
          "skipped": [],
          "duration": 0,
          "root": false,
          "rootEmpty": false,
          "_timeout": 10000
        }
      ],
      "passes": [],
      "failures": [],
      "pending": [],
      "skipped": [],
      "duration": 0,
      "root": true,
      "rootEmpty": true,
      "_timeout": 10000
    }
  ],
  "meta": {
    "mocha": {
      "version": "11.8.0"
    },
    "mochawesome": {
      "options": {
        "quiet": false,
        "reportFilename": "mochawesome",
        "saveHtml": true,
        "saveJson": true,
        "consoleReporter": "spec",
        "useInlineDiffs": false,
        "code": true
      },
      "version": "8.0.1"
    },
    "marge": {
      "options": null,
      "version": "6.3.2"
    }
  }
}